
*** Running vivado
    with args -log IMEM.vds -m64 -mode batch -messageDb vivado.pb -notrace -source IMEM.tcl


****** Vivado v2016.2 (64-bit)
  **** SW Build 1577090 on Thu Jun  2 16:32:40 MDT 2016
  **** IP Build 1577682 on Fri Jun  3 12:00:54 MDT 2016
    ** Copyright 1986-2016 Xilinx, Inc. All Rights Reserved.

source IMEM.tcl -notrace
WARNING: [Board 49-26] cannot add Board Part digilentinc.com:arty-s7-25:part0:1.0 available at D:/Program Files/Xilinx/Vivado/2016.2/data/boards/board_files/arty-s7-25/E.0/board.xml as part xc7s25csga324-1 specified in board_part file is either invalid or not available
WARNING: [Board 49-26] cannot add Board Part digilentinc.com:arty-s7-50:part0:1.0 available at D:/Program Files/Xilinx/Vivado/2016.2/data/boards/board_files/arty-s7-50/B.0/board.xml as part xc7s50csga324-1 specified in board_part file is either invalid or not available
WARNING: [Board 49-26] cannot add Board Part digilentinc.com:arty-z7-10:part0:1.0 available at D:/Program Files/Xilinx/Vivado/2016.2/data/boards/board_files/arty-z7-10/A.0/board.xml as part xc7z010clg400-1 specified in board_part file is either invalid or not available
WARNING: [Board 49-26] cannot add Board Part digilentinc.com:arty-z7-20:part0:1.0 available at D:/Program Files/Xilinx/Vivado/2016.2/data/boards/board_files/arty-z7-20/A.0/board.xml as part xc7z020clg400-1 specified in board_part file is either invalid or not available
WARNING: [Board 49-26] cannot add Board Part digilentinc.com:cora-z7-07s:part0:1.0 available at D:/Program Files/Xilinx/Vivado/2016.2/data/boards/board_files/cora-z7-07s/B.0/board.xml as part xc7z007sclg400-1 specified in board_part file is either invalid or not available
WARNING: [Board 49-26] cannot add Board Part digilentinc.com:cora-z7-10:part0:1.0 available at D:/Program Files/Xilinx/Vivado/2016.2/data/boards/board_files/cora-z7-10/B.0/board.xml as part xc7z010clg400-1 specified in board_part file is either invalid or not available
WARNING: [Board 49-26] cannot add Board Part digilentinc.com:genesys2:part0:1.1 available at D:/Program Files/Xilinx/Vivado/2016.2/data/boards/board_files/genesys2/H/board.xml as part xc7k325tffg900-2 specified in board_part file is either invalid or not available
WARNING: [Board 49-26] cannot add Board Part digilentinc.com:sword:part0:1.0 available at D:/Program Files/Xilinx/Vivado/2016.2/data/boards/board_files/sword/C.0/board.xml as part xc7k325tffg900-2 specified in board_part file is either invalid or not available
WARNING: [Board 49-26] cannot add Board Part digilentinc.com:zedboard:part0:1.0 available at D:/Program Files/Xilinx/Vivado/2016.2/data/boards/board_files/zedboard/1.3/board.xml as part xc7z020clg484-1 specified in board_part file is either invalid or not available
WARNING: [Board 49-26] cannot add Board Part digilentinc.com:zybo-z7-10:part0:1.0 available at D:/Program Files/Xilinx/Vivado/2016.2/data/boards/board_files/zybo-z7-10/A.0/board.xml as part xc7z010clg400-1 specified in board_part file is either invalid or not available
WARNING: [Board 49-26] cannot add Board Part digilentinc.com:zybo-z7-20:part0:1.0 available at D:/Program Files/Xilinx/Vivado/2016.2/data/boards/board_files/zybo-z7-20/A.0/board.xml as part xc7z020clg400-1 specified in board_part file is either invalid or not available
WARNING: [Board 49-26] cannot add Board Part digilentinc.com:zybo:part0:1.0 available at D:/Program Files/Xilinx/Vivado/2016.2/data/boards/board_files/zybo/B.3/board.xml as part xc7z010clg400-1 specified in board_part file is either invalid or not available
Command: synth_design -top IMEM -part xc7a100tcsg324-1 -mode out_of_context
Starting synth_design
Attempting to get a license for feature 'Synthesis' and/or device 'xc7a100t'
INFO: [Common 17-349] Got license for feature 'Synthesis' and/or device 'xc7a100t'
INFO: Launching helper process for spawning children vivado processes
INFO: Helper process launched with PID 14636 
---------------------------------------------------------------------------------
Starting RTL Elaboration : Time (s): cpu = 00:00:08 ; elapsed = 00:00:10 . Memory (MB): peak = 307.199 ; gain = 100.199
---------------------------------------------------------------------------------
INFO: [Synth 8-638] synthesizing module 'IMEM' [d:/Projects/CompStruct/SuperCyclone2/SuperCyclone2.srcs/sources_1/ip/IMEM/synth/IMEM.vhd:71]
	Parameter C_FAMILY bound to: artix7 - type: string 
	Parameter C_ADDR_WIDTH bound to: 10 - type: integer 
	Parameter C_DEFAULT_DATA bound to: 10101 - type: string 
	Parameter C_DEPTH bound to: 1024 - type: integer 
	Parameter C_HAS_CLK bound to: 1 - type: integer 
	Parameter C_HAS_D bound to: 1 - type: integer 
	Parameter C_HAS_DPO bound to: 1 - type: integer 
	Parameter C_HAS_DPRA bound to: 1 - type: integer 
	Parameter C_HAS_I_CE bound to: 0 - type: integer 
	Parameter C_HAS_QDPO bound to: 0 - type: integer 
	Parameter C_HAS_QDPO_CE bound to: 0 - type: integer 
	Parameter C_HAS_QDPO_CLK bound to: 0 - type: integer 
	Parameter C_HAS_QDPO_RST bound to: 0 - type: integer 
	Parameter C_HAS_QDPO_SRST bound to: 0 - type: integer 
	Parameter C_HAS_QSPO bound to: 0 - type: integer 
	Parameter C_HAS_QSPO_CE bound to: 0 - type: integer 
	Parameter C_HAS_QSPO_RST bound to: 0 - type: integer 
	Parameter C_HAS_QSPO_SRST bound to: 0 - type: integer 
	Parameter C_HAS_SPO bound to: 1 - type: integer 
	Parameter C_HAS_WE bound to: 1 - type: integer 
	Parameter C_MEM_INIT_FILE bound to: IMEM.mif - type: string 
	Parameter C_ELABORATION_DIR bound to: ./ - type: string 
	Parameter C_MEM_TYPE bound to: 2 - type: integer 
	Parameter C_PIPELINE_STAGES bound to: 0 - type: integer 
	Parameter C_QCE_JOINED bound to: 0 - type: integer 
	Parameter C_QUALIFY_WE bound to: 0 - type: integer 
	Parameter C_READ_MIF bound to: 1 - type: integer 
	Parameter C_REG_A_D_INPUTS bound to: 0 - type: integer 
	Parameter C_REG_DPRA_INPUT bound to: 0 - type: integer 
	Parameter C_SYNC_ENABLE bound to: 1 - type: integer 
	Parameter C_WIDTH bound to: 32 - type: integer 
	Parameter C_PARSER_TYPE bound to: 1 - type: integer 
INFO: [Synth 8-3491] module 'dist_mem_gen_v8_0_10' declared at 'd:/Projects/CompStruct/SuperCyclone2/SuperCyclone2.srcs/sources_1/ip/IMEM/dist_mem_gen_v8_0_10/hdl/dist_mem_gen_v8_0.vhd:78' bound to instance 'U0' of component 'dist_mem_gen_v8_0_10' [d:/Projects/CompStruct/SuperCyclone2/SuperCyclone2.srcs/sources_1/ip/IMEM/synth/IMEM.vhd:137]
	Parameter C_FAMILY bound to: artix7 - type: string 
	Parameter C_ADDR_WIDTH bound to: 10 - type: integer 
	Parameter C_DEFAULT_DATA bound to: 10101 - type: string 
	Parameter C_DEPTH bound to: 1024 - type: integer 
	Parameter C_HAS_CLK bound to: 1 - type: integer 
	Parameter C_HAS_D bound to: 1 - type: integer 
	Parameter C_HAS_DPO bound to: 1 - type: integer 
	Parameter C_HAS_DPRA bound to: 1 - type: integer 
	Parameter C_HAS_I_CE bound to: 0 - type: integer 
	Parameter C_HAS_QDPO bound to: 0 - type: integer 
	Parameter C_HAS_QDPO_CE bound to: 0 - type: integer 
	Parameter C_HAS_QDPO_CLK bound to: 0 - type: integer 
	Parameter C_HAS_QDPO_RST bound to: 0 - type: integer 
	Parameter C_HAS_QDPO_SRST bound to: 0 - type: integer 
	Parameter C_HAS_QSPO bound to: 0 - type: integer 
	Parameter C_HAS_QSPO_CE bound to: 0 - type: integer 
	Parameter C_HAS_QSPO_RST bound to: 0 - type: integer 
	Parameter C_HAS_QSPO_SRST bound to: 0 - type: integer 
	Parameter C_HAS_SPO bound to: 1 - type: integer 
	Parameter C_HAS_WE bound to: 1 - type: integer 
	Parameter C_MEM_INIT_FILE bound to: IMEM.mif - type: string 
	Parameter C_ELABORATION_DIR bound to: ./ - type: string 
	Parameter C_MEM_TYPE bound to: 2 - type: integer 
	Parameter C_PIPELINE_STAGES bound to: 0 - type: integer 
	Parameter C_QCE_JOINED bound to: 0 - type: integer 
	Parameter C_QUALIFY_WE bound to: 0 - type: integer 
	Parameter C_READ_MIF bound to: 1 - type: integer 
	Parameter C_REG_A_D_INPUTS bound to: 0 - type: integer 
	Parameter C_REG_DPRA_INPUT bound to: 0 - type: integer 
	Parameter C_SYNC_ENABLE bound to: 1 - type: integer 
	Parameter C_WIDTH bound to: 32 - type: integer 
	Parameter C_PARSER_TYPE bound to: 1 - type: integer 
	Parameter C_FAMILY bound to: artix7 - type: string 
	Parameter C_ADDR_WIDTH bound to: 10 - type: integer 
	Parameter C_DEFAULT_DATA bound to: 10101 - type: string 
	Parameter C_DEPTH bound to: 1024 - type: integer 
	Parameter C_HAS_CLK bound to: 1 - type: integer 
	Parameter C_HAS_D bound to: 1 - type: integer 
	Parameter C_HAS_DPO bound to: 1 - type: integer 
	Parameter C_HAS_DPRA bound to: 1 - type: integer 
	Parameter C_HAS_I_CE bound to: 0 - type: integer 
	Parameter C_HAS_QDPO bound to: 0 - type: integer 
	Parameter C_HAS_QDPO_CE bound to: 0 - type: integer 
	Parameter C_HAS_QDPO_CLK bound to: 0 - type: integer 
	Parameter C_HAS_QDPO_RST bound to: 0 - type: integer 
	Parameter C_HAS_QDPO_SRST bound to: 0 - type: integer 
	Parameter C_HAS_QSPO bound to: 0 - type: integer 
	Parameter C_HAS_QSPO_CE bound to: 0 - type: integer 
	Parameter C_HAS_QSPO_RST bound to: 0 - type: integer 
	Parameter C_HAS_QSPO_SRST bound to: 0 - type: integer 
	Parameter C_HAS_SPO bound to: 1 - type: integer 
	Parameter C_HAS_WE bound to: 1 - type: integer 
	Parameter C_MEM_INIT_FILE bound to: IMEM.mif - type: string 
	Parameter C_ELABORATION_DIR bound to: ./ - type: string 
	Parameter C_MEM_TYPE bound to: 2 - type: integer 
	Parameter C_PIPELINE_STAGES bound to: 0 - type: integer 
	Parameter C_QCE_JOINED bound to: 0 - type: integer 
	Parameter C_QUALIFY_WE bound to: 0 - type: integer 
	Parameter C_READ_MIF bound to: 1 - type: integer 
	Parameter C_REG_A_D_INPUTS bound to: 0 - type: integer 
	Parameter C_REG_DPRA_INPUT bound to: 0 - type: integer 
	Parameter C_SYNC_ENABLE bound to: 1 - type: integer 
	Parameter C_WIDTH bound to: 32 - type: integer 
	Parameter C_PARSER_TYPE bound to: 0 - type: integer 
	Parameter c_addr_width bound to: 10 - type: integer 
	Parameter c_depth bound to: 1024 - type: integer 
	Parameter c_width bound to: 32 - type: integer 
	Parameter c_default_data bound to: 10101 - type: string 
	Parameter c_mem_init_file bound to: IMEM.mif - type: string 
	Parameter c_elaboration_dir bound to: ./ - type: string 
	Parameter c_read_mif bound to: 1 - type: integer 
	Parameter c_has_i_ce bound to: 0 - type: integer 
	Parameter c_qualify_we bound to: 0 - type: integer 
	Parameter c_reg_a_d_inputs bound to: 0 - type: integer 
	Parameter c_pipeline_stages bound to: 0 - type: integer 
	Parameter c_has_qspo_ce bound to: 0 - type: integer 
	Parameter c_has_qspo_rst bound to: 0 - type: integer 
	Parameter c_has_qspo_srst bound to: 0 - type: integer 
	Parameter c_has_spo bound to: 1 - type: integer 
	Parameter c_has_qspo bound to: 0 - type: integer 
	Parameter c_has_qdpo_clk bound to: 0 - type: integer 
	Parameter c_has_qdpo_ce bound to: 0 - type: integer 
	Parameter c_has_qdpo_rst bound to: 0 - type: integer 
	Parameter c_has_qdpo_srst bound to: 0 - type: integer 
	Parameter c_has_dpra bound to: 1 - type: integer 
	Parameter c_reg_dpra_input bound to: 0 - type: integer 
	Parameter c_has_dpo bound to: 1 - type: integer 
	Parameter c_has_qdpo bound to: 0 - type: integer 
	Parameter c_qce_joined bound to: 0 - type: integer 
	Parameter c_sync_enable bound to: 1 - type: integer 
	Parameter c_parser_type bound to: 0 - type: integer 
	Parameter c_addr_width bound to: 10 - type: integer 
	Parameter c_depth bound to: 1024 - type: integer 
	Parameter c_width bound to: 32 - type: integer 
	Parameter c_default_data bound to: 10101 - type: string 
	Parameter c_mem_init_file bound to: IMEM.mif - type: string 
	Parameter c_elaboration_dir bound to: ./ - type: string 
	Parameter c_read_mif bound to: 1 - type: integer 
	Parameter c_has_i_ce bound to: 0 - type: integer 
	Parameter c_qualify_we bound to: 0 - type: integer 
	Parameter c_reg_a_d_inputs bound to: 0 - type: integer 
	Parameter c_pipeline_stages bound to: 0 - type: integer 
	Parameter c_has_qspo_ce bound to: 0 - type: integer 
	Parameter c_has_qspo_rst bound to: 0 - type: integer 
	Parameter c_has_qspo_srst bound to: 0 - type: integer 
	Parameter c_has_spo bound to: 1 - type: integer 
	Parameter c_has_qspo bound to: 0 - type: integer 
	Parameter c_has_qdpo_clk bound to: 0 - type: integer 
	Parameter c_has_qdpo_ce bound to: 0 - type: integer 
	Parameter c_has_qdpo_rst bound to: 0 - type: integer 
	Parameter c_has_qdpo_srst bound to: 0 - type: integer 
	Parameter c_has_dpra bound to: 1 - type: integer 
	Parameter c_reg_dpra_input bound to: 0 - type: integer 
	Parameter c_has_dpo bound to: 1 - type: integer 
	Parameter c_has_qdpo bound to: 0 - type: integer 
	Parameter c_qce_joined bound to: 0 - type: integer 
	Parameter c_sync_enable bound to: 1 - type: integer 
	Parameter c_parser_type bound to: 0 - type: integer 
INFO: [Synth 8-256] done synthesizing module 'IMEM' (4#1) [d:/Projects/CompStruct/SuperCyclone2/SuperCyclone2.srcs/sources_1/ip/IMEM/synth/IMEM.vhd:71]
WARNING: [Synth 8-3331] design dpram has unconnected port qspo[31]
WARNING: [Synth 8-3331] design dpram has unconnected port qspo[30]
WARNING: [Synth 8-3331] design dpram has unconnected port qspo[29]
WARNING: [Synth 8-3331] design dpram has unconnected port qspo[28]
WARNING: [Synth 8-3331] design dpram has unconnected port qspo[27]
WARNING: [Synth 8-3331] design dpram has unconnected port qspo[26]
WARNING: [Synth 8-3331] design dpram has unconnected port qspo[25]
WARNING: [Synth 8-3331] design dpram has unconnected port qspo[24]
WARNING: [Synth 8-3331] design dpram has unconnected port qspo[23]
WARNING: [Synth 8-3331] design dpram has unconnected port qspo[22]
WARNING: [Synth 8-3331] design dpram has unconnected port qspo[21]
WARNING: [Synth 8-3331] design dpram has unconnected port qspo[20]
WARNING: [Synth 8-3331] design dpram has unconnected port qspo[19]
WARNING: [Synth 8-3331] design dpram has unconnected port qspo[18]
WARNING: [Synth 8-3331] design dpram has unconnected port qspo[17]
WARNING: [Synth 8-3331] design dpram has unconnected port qspo[16]
WARNING: [Synth 8-3331] design dpram has unconnected port qspo[15]
WARNING: [Synth 8-3331] design dpram has unconnected port qspo[14]
WARNING: [Synth 8-3331] design dpram has unconnected port qspo[13]
WARNING: [Synth 8-3331] design dpram has unconnected port qspo[12]
WARNING: [Synth 8-3331] design dpram has unconnected port qspo[11]
WARNING: [Synth 8-3331] design dpram has unconnected port qspo[10]
WARNING: [Synth 8-3331] design dpram has unconnected port qspo[9]
WARNING: [Synth 8-3331] design dpram has unconnected port qspo[8]
WARNING: [Synth 8-3331] design dpram has unconnected port qspo[7]
WARNING: [Synth 8-3331] design dpram has unconnected port qspo[6]
WARNING: [Synth 8-3331] design dpram has unconnected port qspo[5]
WARNING: [Synth 8-3331] design dpram has unconnected port qspo[4]
WARNING: [Synth 8-3331] design dpram has unconnected port qspo[3]
WARNING: [Synth 8-3331] design dpram has unconnected port qspo[2]
WARNING: [Synth 8-3331] design dpram has unconnected port qspo[1]
WARNING: [Synth 8-3331] design dpram has unconnected port qspo[0]
WARNING: [Synth 8-3331] design dpram has unconnected port qdpo[31]
WARNING: [Synth 8-3331] design dpram has unconnected port qdpo[30]
WARNING: [Synth 8-3331] design dpram has unconnected port qdpo[29]
WARNING: [Synth 8-3331] design dpram has unconnected port qdpo[28]
WARNING: [Synth 8-3331] design dpram has unconnected port qdpo[27]
WARNING: [Synth 8-3331] design dpram has unconnected port qdpo[26]
WARNING: [Synth 8-3331] design dpram has unconnected port qdpo[25]
WARNING: [Synth 8-3331] design dpram has unconnected port qdpo[24]
WARNING: [Synth 8-3331] design dpram has unconnected port qdpo[23]
WARNING: [Synth 8-3331] design dpram has unconnected port qdpo[22]
WARNING: [Synth 8-3331] design dpram has unconnected port qdpo[21]
WARNING: [Synth 8-3331] design dpram has unconnected port qdpo[20]
WARNING: [Synth 8-3331] design dpram has unconnected port qdpo[19]
WARNING: [Synth 8-3331] design dpram has unconnected port qdpo[18]
WARNING: [Synth 8-3331] design dpram has unconnected port qdpo[17]
WARNING: [Synth 8-3331] design dpram has unconnected port qdpo[16]
WARNING: [Synth 8-3331] design dpram has unconnected port qdpo[15]
WARNING: [Synth 8-3331] design dpram has unconnected port qdpo[14]
WARNING: [Synth 8-3331] design dpram has unconnected port qdpo[13]
WARNING: [Synth 8-3331] design dpram has unconnected port qdpo[12]
WARNING: [Synth 8-3331] design dpram has unconnected port qdpo[11]
WARNING: [Synth 8-3331] design dpram has unconnected port qdpo[10]
WARNING: [Synth 8-3331] design dpram has unconnected port qdpo[9]
WARNING: [Synth 8-3331] design dpram has unconnected port qdpo[8]
WARNING: [Synth 8-3331] design dpram has unconnected port qdpo[7]
WARNING: [Synth 8-3331] design dpram has unconnected port qdpo[6]
WARNING: [Synth 8-3331] design dpram has unconnected port qdpo[5]
WARNING: [Synth 8-3331] design dpram has unconnected port qdpo[4]
WARNING: [Synth 8-3331] design dpram has unconnected port qdpo[3]
WARNING: [Synth 8-3331] design dpram has unconnected port qdpo[2]
WARNING: [Synth 8-3331] design dpram has unconnected port qdpo[1]
WARNING: [Synth 8-3331] design dpram has unconnected port qdpo[0]
WARNING: [Synth 8-3331] design dpram has unconnected port i_ce
WARNING: [Synth 8-3331] design dpram has unconnected port qspo_ce
WARNING: [Synth 8-3331] design dpram has unconnected port qspo_rst
WARNING: [Synth 8-3331] design dpram has unconnected port qspo_srst
WARNING: [Synth 8-3331] design dpram has unconnected port qdpo_clk
WARNING: [Synth 8-3331] design dpram has unconnected port qdpo_ce
WARNING: [Synth 8-3331] design dpram has unconnected port qdpo_rst
WARNING: [Synth 8-3331] design dpram has unconnected port qdpo_srst
WARNING: [Synth 8-3331] design dist_mem_gen_v8_0_10 has unconnected port i_ce
WARNING: [Synth 8-3331] design dist_mem_gen_v8_0_10 has unconnected port qspo_ce
WARNING: [Synth 8-3331] design dist_mem_gen_v8_0_10 has unconnected port qdpo_ce
WARNING: [Synth 8-3331] design dist_mem_gen_v8_0_10 has unconnected port qdpo_clk
WARNING: [Synth 8-3331] design dist_mem_gen_v8_0_10 has unconnected port qspo_rst
WARNING: [Synth 8-3331] design dist_mem_gen_v8_0_10 has unconnected port qdpo_rst
WARNING: [Synth 8-3331] design dist_mem_gen_v8_0_10 has unconnected port qspo_srst
WARNING: [Synth 8-3331] design dist_mem_gen_v8_0_10 has unconnected port qdpo_srst
---------------------------------------------------------------------------------
Finished RTL Elaboration : Time (s): cpu = 00:00:14 ; elapsed = 00:00:17 . Memory (MB): peak = 356.313 ; gain = 149.313
---------------------------------------------------------------------------------

Report Check Netlist: 
+------+------------------+-------+---------+-------+------------------+
|      |Item              |Errors |Warnings |Status |Description       |
+------+------------------+-------+---------+-------+------------------+
|1     |multi_driven_nets |      0|        0|Passed |Multi driven nets |
+------+------------------+-------+---------+-------+------------------+
---------------------------------------------------------------------------------
Finished RTL Optimization Phase 1 : Time (s): cpu = 00:00:14 ; elapsed = 00:00:17 . Memory (MB): peak = 356.313 ; gain = 149.313
---------------------------------------------------------------------------------
INFO: [Device 21-403] Loading part xc7a100tcsg324-1
INFO: [Project 1-570] Preparing netlist for logic optimization

Processing XDC Constraints
Initializing timing engine
Parsing XDC File [d:/Projects/CompStruct/SuperCyclone2/SuperCyclone2.srcs/sources_1/ip/IMEM/IMEM_ooc.xdc] for cell 'U0'
Finished Parsing XDC File [d:/Projects/CompStruct/SuperCyclone2/SuperCyclone2.srcs/sources_1/ip/IMEM/IMEM_ooc.xdc] for cell 'U0'
Parsing XDC File [D:/Projects/CompStruct/SuperCyclone2/SuperCyclone2.runs/IMEM_synth_1/dont_touch.xdc]
Finished Parsing XDC File [D:/Projects/CompStruct/SuperCyclone2/SuperCyclone2.runs/IMEM_synth_1/dont_touch.xdc]
Completed Processing XDC Constraints

INFO: [Project 1-111] Unisim Transformation Summary:
No Unisim elements were transformed.

Constraint Validation Runtime : Time (s): cpu = 00:00:00 ; elapsed = 00:00:00.016 . Memory (MB): peak = 631.078 ; gain = 0.000
---------------------------------------------------------------------------------
Finished Constraint Validation : Time (s): cpu = 00:00:23 ; elapsed = 00:00:28 . Memory (MB): peak = 631.078 ; gain = 424.078
---------------------------------------------------------------------------------
---------------------------------------------------------------------------------
Start Loading Part and Timing Information
---------------------------------------------------------------------------------
Loading part: xc7a100tcsg324-1
---------------------------------------------------------------------------------
Finished Loading Part and Timing Information : Time (s): cpu = 00:00:23 ; elapsed = 00:00:28 . Memory (MB): peak = 631.078 ; gain = 424.078
---------------------------------------------------------------------------------
---------------------------------------------------------------------------------
Start Applying 'set_property' XDC Constraints
---------------------------------------------------------------------------------
Applied set_property DONT_TOUCH = true for U0. (constraint file  auto generated constraint, line ).
---------------------------------------------------------------------------------
Finished applying 'set_property' XDC Constraints : Time (s): cpu = 00:00:23 ; elapsed = 00:00:28 . Memory (MB): peak = 631.078 ; gain = 424.078
---------------------------------------------------------------------------------
---------------------------------------------------------------------------------
Finished RTL Optimization Phase 2 : Time (s): cpu = 00:00:24 ; elapsed = 00:00:28 . Memory (MB): peak = 631.078 ; gain = 424.078
---------------------------------------------------------------------------------

Report RTL Partitions: 
+-+--------------+------------+----------+
| |RTL Partition |Replication |Instances |
+-+--------------+------------+----------+
+-+--------------+------------+----------+
---------------------------------------------------------------------------------
Start RTL Component Statistics 
---------------------------------------------------------------------------------
Detailed RTL Component Info : 
+---Registers : 
	               32 Bit    Registers := 2     
---------------------------------------------------------------------------------
Finished RTL Component Statistics 
---------------------------------------------------------------------------------
---------------------------------------------------------------------------------
Start RTL Hierarchical Component Statistics 
---------------------------------------------------------------------------------
Hierarchical RTL Component report 
Module dpram 
Detailed RTL Component Info : 
+---Registers : 
	               32 Bit    Registers := 2     
---------------------------------------------------------------------------------
Finished RTL Hierarchical Component Statistics
---------------------------------------------------------------------------------
---------------------------------------------------------------------------------
Start Part Resource Summary
---------------------------------------------------------------------------------
Part Resources:
DSPs: 240 (col length:80)
BRAMs: 270 (col length: RAMB18 80 RAMB36 40)
---------------------------------------------------------------------------------
Finished Part Resource Summary
---------------------------------------------------------------------------------
Start Parallel Synthesis Optimization  : Time (s): cpu = 00:00:24 ; elapsed = 00:00:28 . Memory (MB): peak = 631.078 ; gain = 424.078
---------------------------------------------------------------------------------
Start Cross Boundary Optimization
---------------------------------------------------------------------------------
WARNING: [Synth 8-3331] design dist_mem_gen_v8_0_10 has unconnected port qspo[31]
WARNING: [Synth 8-3331] design dist_mem_gen_v8_0_10 has unconnected port qspo[30]
WARNING: [Synth 8-3331] design dist_mem_gen_v8_0_10 has unconnected port qspo[29]
WARNING: [Synth 8-3331] design dist_mem_gen_v8_0_10 has unconnected port qspo[28]
WARNING: [Synth 8-3331] design dist_mem_gen_v8_0_10 has unconnected port qspo[27]
WARNING: [Synth 8-3331] design dist_mem_gen_v8_0_10 has unconnected port qspo[26]
WARNING: [Synth 8-3331] design dist_mem_gen_v8_0_10 has unconnected port qspo[25]
WARNING: [Synth 8-3331] design dist_mem_gen_v8_0_10 has unconnected port qspo[24]
WARNING: [Synth 8-3331] design dist_mem_gen_v8_0_10 has unconnected port qspo[23]
WARNING: [Synth 8-3331] design dist_mem_gen_v8_0_10 has unconnected port qspo[22]
WARNING: [Synth 8-3331] design dist_mem_gen_v8_0_10 has unconnected port qspo[21]
WARNING: [Synth 8-3331] design dist_mem_gen_v8_0_10 has unconnected port qspo[20]
WARNING: [Synth 8-3331] design dist_mem_gen_v8_0_10 has unconnected port qspo[19]
WARNING: [Synth 8-3331] design dist_mem_gen_v8_0_10 has unconnected port qspo[18]
WARNING: [Synth 8-3331] design dist_mem_gen_v8_0_10 has unconnected port qspo[17]
WARNING: [Synth 8-3331] design dist_mem_gen_v8_0_10 has unconnected port qspo[16]
WARNING: [Synth 8-3331] design dist_mem_gen_v8_0_10 has unconnected port qspo[15]
WARNING: [Synth 8-3331] design dist_mem_gen_v8_0_10 has unconnected port qspo[14]
WARNING: [Synth 8-3331] design dist_mem_gen_v8_0_10 has unconnected port qspo[13]
WARNING: [Synth 8-3331] design dist_mem_gen_v8_0_10 has unconnected port qspo[12]
INFO: [Common 17-14] Message 'Synth 8-3331' appears 100 times and further instances of the messages will be disabled. Use the Tcl command set_msg_config to change the current settings.
---------------------------------------------------------------------------------
Finished Cross Boundary Optimization : Time (s): cpu = 00:00:24 ; elapsed = 00:00:28 . Memory (MB): peak = 631.078 ; gain = 424.078
---------------------------------------------------------------------------------
Finished Parallel Reinference  : Time (s): cpu = 00:00:24 ; elapsed = 00:00:28 . Memory (MB): peak = 631.078 ; gain = 424.078

Report RTL Partitions: 
+-+--------------+------------+----------+
| |RTL Partition |Replication |Instances |
+-+--------------+------------+----------+
+-+--------------+------------+----------+
---------------------------------------------------------------------------------
Start ROM, RAM, DSP and Shift Register Reporting
---------------------------------------------------------------------------------

Distributed RAM: Preliminary Mapping  Report (see note below)
+---------------------+-----------------------------------------------------------+----------------+----------------------+-------------------+
|Module Name          | RTL Object                                                | Inference      | Size (Depth x Width) | Primitives        | 
+---------------------+-----------------------------------------------------------+----------------+----------------------+-------------------+
|dist_mem_gen_v8_0_10 | synth_options.dist_mem_inst/gen_dp_ram.dpram_inst/ram_reg | User Attribute | 1 K x 32             | RAM128X1D x 256   | 
+---------------------+-----------------------------------------------------------+----------------+----------------------+-------------------+

Note: The table above is a preliminary report that shows the Distributed RAMs at the current stage of the synthesis flow. Some Distributed RAMs may be reimplemented as non Distributed RAM primitives later in the synthesis flow. Multiple instantiated RAMs are reported only once.
---------------------------------------------------------------------------------
Finished ROM, RAM, DSP and Shift Register Reporting
---------------------------------------------------------------------------------
---------------------------------------------------------------------------------
Start Area Optimization
---------------------------------------------------------------------------------
---------------------------------------------------------------------------------
Finished Area Optimization : Time (s): cpu = 00:00:24 ; elapsed = 00:00:29 . Memory (MB): peak = 631.078 ; gain = 424.078
---------------------------------------------------------------------------------
Finished Parallel Area Optimization  : Time (s): cpu = 00:00:24 ; elapsed = 00:00:29 . Memory (MB): peak = 631.078 ; gain = 424.078

Report RTL Partitions: 
+-+--------------+------------+----------+
| |RTL Partition |Replication |Instances |
+-+--------------+------------+----------+
+-+--------------+------------+----------+
---------------------------------------------------------------------------------
Start Timing Optimization
---------------------------------------------------------------------------------
---------------------------------------------------------------------------------
Start Applying XDC Timing Constraints
---------------------------------------------------------------------------------
---------------------------------------------------------------------------------
Finished Applying XDC Timing Constraints : Time (s): cpu = 00:00:36 ; elapsed = 00:00:40 . Memory (MB): peak = 631.078 ; gain = 424.078
---------------------------------------------------------------------------------
---------------------------------------------------------------------------------
Finished Timing Optimization : Time (s): cpu = 00:00:36 ; elapsed = 00:00:40 . Memory (MB): peak = 631.078 ; gain = 424.078
---------------------------------------------------------------------------------

Report RTL Partitions: 
+-+--------------+------------+----------+
| |RTL Partition |Replication |Instances |
+-+--------------+------------+----------+
+-+--------------+------------+----------+
---------------------------------------------------------------------------------
Start Technology Mapping
---------------------------------------------------------------------------------
---------------------------------------------------------------------------------
Finished Technology Mapping : Time (s): cpu = 00:00:36 ; elapsed = 00:00:41 . Memory (MB): peak = 631.078 ; gain = 424.078
---------------------------------------------------------------------------------
Finished Parallel Technology Mapping Optimization  : Time (s): cpu = 00:00:36 ; elapsed = 00:00:41 . Memory (MB): peak = 631.078 ; gain = 424.078

Report RTL Partitions: 
+-+--------------+------------+----------+
| |RTL Partition |Replication |Instances |
+-+--------------+------------+----------+
+-+--------------+------------+----------+
Finished Parallel Synthesis Optimization  : Time (s): cpu = 00:00:36 ; elapsed = 00:00:41 . Memory (MB): peak = 631.078 ; gain = 424.078
---------------------------------------------------------------------------------
Start IO Insertion
---------------------------------------------------------------------------------
---------------------------------------------------------------------------------
Start Flattening Before IO Insertion
---------------------------------------------------------------------------------
---------------------------------------------------------------------------------
Finished Flattening Before IO Insertion
---------------------------------------------------------------------------------
---------------------------------------------------------------------------------
Start Final Netlist Cleanup
---------------------------------------------------------------------------------
---------------------------------------------------------------------------------
Finished Final Netlist Cleanup
---------------------------------------------------------------------------------
---------------------------------------------------------------------------------
Finished IO Insertion : Time (s): cpu = 00:00:37 ; elapsed = 00:00:41 . Memory (MB): peak = 631.078 ; gain = 424.078
---------------------------------------------------------------------------------

Report Check Netlist: 
+------+------------------+-------+---------+-------+------------------+
|      |Item              |Errors |Warnings |Status |Description       |
+------+------------------+-------+---------+-------+------------------+
|1     |multi_driven_nets |      0|        0|Passed |Multi driven nets |
+------+------------------+-------+---------+-------+------------------+
---------------------------------------------------------------------------------
Start Renaming Generated Instances
---------------------------------------------------------------------------------
---------------------------------------------------------------------------------
Finished Renaming Generated Instances : Time (s): cpu = 00:00:37 ; elapsed = 00:00:41 . Memory (MB): peak = 631.078 ; gain = 424.078
---------------------------------------------------------------------------------

Report RTL Partitions: 
+-+--------------+------------+----------+
| |RTL Partition |Replication |Instances |
+-+--------------+------------+----------+
+-+--------------+------------+----------+
---------------------------------------------------------------------------------
Start Rebuilding User Hierarchy
---------------------------------------------------------------------------------
---------------------------------------------------------------------------------
Finished Rebuilding User Hierarchy : Time (s): cpu = 00:00:37 ; elapsed = 00:00:41 . Memory (MB): peak = 631.078 ; gain = 424.078
---------------------------------------------------------------------------------
---------------------------------------------------------------------------------
Start Renaming Generated Ports
---------------------------------------------------------------------------------
---------------------------------------------------------------------------------
Finished Renaming Generated Ports : Time (s): cpu = 00:00:37 ; elapsed = 00:00:41 . Memory (MB): peak = 631.078 ; gain = 424.078
---------------------------------------------------------------------------------
---------------------------------------------------------------------------------
Start Handling Custom Attributes
---------------------------------------------------------------------------------
---------------------------------------------------------------------------------
Finished Handling Custom Attributes : Time (s): cpu = 00:00:37 ; elapsed = 00:00:42 . Memory (MB): peak = 631.078 ; gain = 424.078
---------------------------------------------------------------------------------
---------------------------------------------------------------------------------
Start Renaming Generated Nets
---------------------------------------------------------------------------------
---------------------------------------------------------------------------------
Finished Renaming Generated Nets : Time (s): cpu = 00:00:37 ; elapsed = 00:00:42 . Memory (MB): peak = 631.078 ; gain = 424.078
---------------------------------------------------------------------------------
---------------------------------------------------------------------------------
Start Writing Synthesis Report
---------------------------------------------------------------------------------

Report BlackBoxes: 
+-+--------------+----------+
| |BlackBox name |Instances |
+-+--------------+----------+
+-+--------------+----------+

Report Cell Usage: 
+------+----------+------+
|      |Cell      |Count |
+------+----------+------+
|1     |LUT4      |     8|
|2     |LUT6      |   128|
|3     |MUXF7     |    64|
|4     |RAM128X1D |   256|
|5     |FDRE      |    64|
+------+----------+------+

Report Instance Areas: 
+------+----------------------------------+---------------------------+------+
|      |Instance                          |Module                     |Cells |
+------+----------------------------------+---------------------------+------+
|1     |top                               |                           |   520|
|2     |  U0                              |dist_mem_gen_v8_0_10       |   520|
|3     |    \synth_options.dist_mem_inst  |dist_mem_gen_v8_0_10_synth |   520|
|4     |      \gen_dp_ram.dpram_inst      |dpram                      |   520|
+------+----------------------------------+---------------------------+------+
---------------------------------------------------------------------------------
Finished Writing Synthesis Report : Time (s): cpu = 00:00:37 ; elapsed = 00:00:42 . Memory (MB): peak = 631.078 ; gain = 424.078
---------------------------------------------------------------------------------
Synthesis finished with 0 errors, 0 critical warnings and 72 warnings.
Synthesis Optimization Runtime : Time (s): cpu = 00:00:17 ; elapsed = 00:00:30 . Memory (MB): peak = 631.078 ; gain = 132.887
Synthesis Optimization Complete : Time (s): cpu = 00:00:37 ; elapsed = 00:00:42 . Memory (MB): peak = 631.078 ; gain = 424.078
INFO: [Project 1-571] Translating synthesized netlist
INFO: [Netlist 29-17] Analyzing 256 Unisim elements for replacement
INFO: [Netlist 29-28] Unisim Transformation completed in 0 CPU seconds
INFO: [Project 1-570] Preparing netlist for logic optimization
Parsing XDC File [d:/Projects/CompStruct/SuperCyclone2/SuperCyclone2.srcs/sources_1/ip/IMEM/IMEM_ooc.xdc] for cell 'U0'
Finished Parsing XDC File [d:/Projects/CompStruct/SuperCyclone2/SuperCyclone2.srcs/sources_1/ip/IMEM/IMEM_ooc.xdc] for cell 'U0'
INFO: [Opt 31-138] Pushed 0 inverter(s) to 0 load pin(s).
INFO: [Project 1-111] Unisim Transformation Summary:
  A total of 256 instances were transformed.
  RAM128X1D => RAM128X1D (RAMD64E, RAMD64E, MUXF7, MUXF7, RAMD64E, RAMD64E): 256 instances

INFO: [Common 17-83] Releasing license: Synthesis
15 Infos, 112 Warnings, 0 Critical Warnings and 0 Errors encountered.
synth_design completed successfully
synth_design: Time (s): cpu = 00:00:36 ; elapsed = 00:00:39 . Memory (MB): peak = 631.078 ; gain = 407.652
INFO: [Coretcl 2-1174] Renamed 3 cell refs.
report_utilization: Time (s): cpu = 00:00:00 ; elapsed = 00:00:00.033 . Memory (MB): peak = 631.078 ; gain = 0.000
INFO: [Common 17-206] Exiting Vivado at Fri Nov 16 19:53:38 2018...
